0.0 /puretones/Zita_Light/Dry/Wet_Mix
6.0 /puretones/Zita_Light/Level
11.0 /puretones/PureTones_v1.0/0x00/Common_Frequency
0.0 /puretones/PureTones_v1.0/0x00/Octave_Selector
-33.0 /puretones/PureTones_v1.0/0x00/Fine_Tune
6.0 /puretones/PureTones_v1.0/0x00/Period
1.0 /puretones/PureTones_v1.0/0x00/1st_String/Select_Note
0.0 /puretones/PureTones_v1.0/0x00/1st_String/Play_String/Once
1.0 /puretones/PureTones_v1.0/0x00/1st_String/Play_String/Loop
-10.0 /puretones/PureTones_v1.0/0x00/1st_String/Fine_Tune
-33.0 /puretones/PureTones_v1.0/0x00/1st_String/Ultrafine_Tune
4.6 /puretones/PureTones_v1.0/0x00/1st_String/Variance
-7.4 /puretones/PureTones_v1.0/0x00/1st_String/Gain
3.5 /puretones/PureTones_v1.0/0x00/1st_String/Octave_1
4.2 /puretones/PureTones_v1.0/0x00/1st_String/Octave_2
2.3 /puretones/PureTones_v1.0/0x00/1st_String/Octave_3
0.4 /puretones/PureTones_v1.0/0x00/1st_String/Octave_4
0.0 /puretones/PureTones_v1.0/0x00/1st_String/Octave_5
0.0 /puretones/PureTones_v1.0/0x00/1st_String/Octave_6
0.0 /puretones/PureTones_v1.0/0x00/2nd_String/Select_Note
0.0 /puretones/PureTones_v1.0/0x00/2nd_String/Play_String/Once
1.0 /puretones/PureTones_v1.0/0x00/2nd_String/Play_String/Loop
-3.0 /puretones/PureTones_v1.0/0x00/2nd_String/Fine_Tune
0.0 /puretones/PureTones_v1.0/0x00/2nd_String/Ultrafine_Tune
4.3 /puretones/PureTones_v1.0/0x00/2nd_String/Variance
-4.7 /puretones/PureTones_v1.0/0x00/2nd_String/Gain
3.6 /puretones/PureTones_v1.0/0x00/2nd_String/Octave_1
4.4 /puretones/PureTones_v1.0/0x00/2nd_String/Octave_2
2.6 /puretones/PureTones_v1.0/0x00/2nd_String/Octave_3
0.5 /puretones/PureTones_v1.0/0x00/2nd_String/Octave_4
0.0 /puretones/PureTones_v1.0/0x00/2nd_String/Octave_5
0.0 /puretones/PureTones_v1.0/0x00/2nd_String/Octave_6
12.0 /puretones/PureTones_v1.0/0x00/3rd_String/Select_Note
0.0 /puretones/PureTones_v1.0/0x00/3rd_String/Play_String/Once
1.0 /puretones/PureTones_v1.0/0x00/3rd_String/Play_String/Loop
-2.0 /puretones/PureTones_v1.0/0x00/3rd_String/Fine_Tune
0.0 /puretones/PureTones_v1.0/0x00/3rd_String/Ultrafine_Tune
5.0 /puretones/PureTones_v1.0/0x00/3rd_String/Variance
-2.2 /puretones/PureTones_v1.0/0x00/3rd_String/Gain
3.5 /puretones/PureTones_v1.0/0x00/3rd_String/Octave_1
4.1 /puretones/PureTones_v1.0/0x00/3rd_String/Octave_2
3.9 /puretones/PureTones_v1.0/0x00/3rd_String/Octave_3
0.4 /puretones/PureTones_v1.0/0x00/3rd_String/Octave_4
0.0 /puretones/PureTones_v1.0/0x00/3rd_String/Octave_5
0.0 /puretones/PureTones_v1.0/0x00/3rd_String/Octave_6
5.0 /puretones/PureTones_v1.0/0x00/4th_String/Select_Note
0.0 /puretones/PureTones_v1.0/0x00/4th_String/Play_String/Once
1.0 /puretones/PureTones_v1.0/0x00/4th_String/Play_String/Loop
-2.0 /puretones/PureTones_v1.0/0x00/4th_String/Fine_Tune
0.0 /puretones/PureTones_v1.0/0x00/4th_String/Ultrafine_Tune
3.5 /puretones/PureTones_v1.0/0x00/4th_String/Variance
5.1 /puretones/PureTones_v1.0/0x00/4th_String/Gain
2.2 /puretones/PureTones_v1.0/0x00/4th_String/Octave_1
0.7 /puretones/PureTones_v1.0/0x00/4th_String/Octave_2
1.9 /puretones/PureTones_v1.0/0x00/4th_String/Octave_3
0.4 /puretones/PureTones_v1.0/0x00/4th_String/Octave_4
0.0 /puretones/PureTones_v1.0/0x00/4th_String/Octave_5
0.0 /puretones/PureTones_v1.0/0x00/4th_String/Octave_6
0.0 /puretones/PureTones_v1.0/0x00/5th_String/Select_Note
0.0 /puretones/PureTones_v1.0/0x00/5th_String/Play_String/Once
1.0 /puretones/PureTones_v1.0/0x00/5th_String/Play_String/Loop
3.0 /puretones/PureTones_v1.0/0x00/5th_String/Fine_Tune
0.0 /puretones/PureTones_v1.0/0x00/5th_String/Ultrafine_Tune
4.5 /puretones/PureTones_v1.0/0x00/5th_String/Variance
-4.1 /puretones/PureTones_v1.0/0x00/5th_String/Gain
5.0 /puretones/PureTones_v1.0/0x00/5th_String/Octave_1
4.1 /puretones/PureTones_v1.0/0x00/5th_String/Octave_2
1.8 /puretones/PureTones_v1.0/0x00/5th_String/Octave_3
0.3 /puretones/PureTones_v1.0/0x00/5th_String/Octave_4
0.0 /puretones/PureTones_v1.0/0x00/5th_String/Octave_5
0.0 /puretones/PureTones_v1.0/0x00/5th_String/Octave_6
12.0 /puretones/PureTones_v1.0/0x00/6th_String/Select_Note
0.0 /puretones/PureTones_v1.0/0x00/6th_String/Play_String/Once
1.0 /puretones/PureTones_v1.0/0x00/6th_String/Play_String/Loop
2.0 /puretones/PureTones_v1.0/0x00/6th_String/Fine_Tune
0.0 /puretones/PureTones_v1.0/0x00/6th_String/Ultrafine_Tune
5.0 /puretones/PureTones_v1.0/0x00/6th_String/Variance
-3.8 /puretones/PureTones_v1.0/0x00/6th_String/Gain
3.8 /puretones/PureTones_v1.0/0x00/6th_String/Octave_1
4.7 /puretones/PureTones_v1.0/0x00/6th_String/Octave_2
3.7 /puretones/PureTones_v1.0/0x00/6th_String/Octave_3
0.7 /puretones/PureTones_v1.0/0x00/6th_String/Octave_4
0.3 /puretones/PureTones_v1.0/0x00/6th_String/Octave_5
0.0 /puretones/PureTones_v1.0/0x00/6th_String/Octave_6