0.0 /puretones/Zita_Light/Dry/Wet_Mix
1.0 /puretones/Zita_Light/Level
14.0 /puretones/PureTones_v1.0/0x00/Common_Frequency
-1.0 /puretones/PureTones_v1.0/0x00/Octave_Selector
-33.0 /puretones/PureTones_v1.0/0x00/Fine_Tune
6.0 /puretones/PureTones_v1.0/0x00/Period
7.0 /puretones/PureTones_v1.0/0x00/1st_String/Select_Note
0.0 /puretones/PureTones_v1.0/0x00/1st_String/Play_String/Once
1.0 /puretones/PureTones_v1.0/0x00/1st_String/Play_String/Loop
-4.0 /puretones/PureTones_v1.0/0x00/1st_String/Fine_Tune
0.0 /puretones/PureTones_v1.0/0x00/1st_String/Ultrafine_Tune
5.0 /puretones/PureTones_v1.0/0x00/1st_String/Variance
0.0 /puretones/PureTones_v1.0/0x00/1st_String/Gain
5.6 /puretones/PureTones_v1.0/0x00/1st_String/Octave_1
7.8 /puretones/PureTones_v1.0/0x00/1st_String/Octave_2
5.6 /puretones/PureTones_v1.0/0x00/1st_String/Octave_3
1.0 /puretones/PureTones_v1.0/0x00/1st_String/Octave_4
0.4 /puretones/PureTones_v1.0/0x00/1st_String/Octave_5
0.2 /puretones/PureTones_v1.0/0x00/1st_String/Octave_6
0.0 /puretones/PureTones_v1.0/0x00/2nd_String/Select_Note
0.0 /puretones/PureTones_v1.0/0x00/2nd_String/Play_String/Once
1.0 /puretones/PureTones_v1.0/0x00/2nd_String/Play_String/Loop
-2.0 /puretones/PureTones_v1.0/0x00/2nd_String/Fine_Tune
0.0 /puretones/PureTones_v1.0/0x00/2nd_String/Ultrafine_Tune
4.4 /puretones/PureTones_v1.0/0x00/2nd_String/Variance
-4.0 /puretones/PureTones_v1.0/0x00/2nd_String/Gain
5.6 /puretones/PureTones_v1.0/0x00/2nd_String/Octave_1
7.8 /puretones/PureTones_v1.0/0x00/2nd_String/Octave_2
5.6 /puretones/PureTones_v1.0/0x00/2nd_String/Octave_3
1.0 /puretones/PureTones_v1.0/0x00/2nd_String/Octave_4
0.4 /puretones/PureTones_v1.0/0x00/2nd_String/Octave_5
0.2 /puretones/PureTones_v1.0/0x00/2nd_String/Octave_6
9.0 /puretones/PureTones_v1.0/0x00/3rd_String/Select_Note
0.0 /puretones/PureTones_v1.0/0x00/3rd_String/Play_String/Once
1.0 /puretones/PureTones_v1.0/0x00/3rd_String/Play_String/Loop
-8.0 /puretones/PureTones_v1.0/0x00/3rd_String/Fine_Tune
0.0 /puretones/PureTones_v1.0/0x00/3rd_String/Ultrafine_Tune
5.0 /puretones/PureTones_v1.0/0x00/3rd_String/Variance
0.0 /puretones/PureTones_v1.0/0x00/3rd_String/Gain
5.6 /puretones/PureTones_v1.0/0x00/3rd_String/Octave_1
7.8 /puretones/PureTones_v1.0/0x00/3rd_String/Octave_2
5.6 /puretones/PureTones_v1.0/0x00/3rd_String/Octave_3
1.0 /puretones/PureTones_v1.0/0x00/3rd_String/Octave_4
0.4 /puretones/PureTones_v1.0/0x00/3rd_String/Octave_5
0.2 /puretones/PureTones_v1.0/0x00/3rd_String/Octave_6
5.0 /puretones/PureTones_v1.0/0x00/4th_String/Select_Note
0.0 /puretones/PureTones_v1.0/0x00/4th_String/Play_String/Once
0.0 /puretones/PureTones_v1.0/0x00/4th_String/Play_String/Loop
0.0 /puretones/PureTones_v1.0/0x00/4th_String/Fine_Tune
0.0 /puretones/PureTones_v1.0/0x00/4th_String/Ultrafine_Tune
5.0 /puretones/PureTones_v1.0/0x00/4th_String/Variance
0.0 /puretones/PureTones_v1.0/0x00/4th_String/Gain
5.6 /puretones/PureTones_v1.0/0x00/4th_String/Octave_1
7.8 /puretones/PureTones_v1.0/0x00/4th_String/Octave_2
5.6 /puretones/PureTones_v1.0/0x00/4th_String/Octave_3
1.0 /puretones/PureTones_v1.0/0x00/4th_String/Octave_4
0.4 /puretones/PureTones_v1.0/0x00/4th_String/Octave_5
0.2 /puretones/PureTones_v1.0/0x00/4th_String/Octave_6
0.0 /puretones/PureTones_v1.0/0x00/5th_String/Select_Note
0.0 /puretones/PureTones_v1.0/0x00/5th_String/Play_String/Once
1.0 /puretones/PureTones_v1.0/0x00/5th_String/Play_String/Loop
2.0 /puretones/PureTones_v1.0/0x00/5th_String/Fine_Tune
0.0 /puretones/PureTones_v1.0/0x00/5th_String/Ultrafine_Tune
5.0 /puretones/PureTones_v1.0/0x00/5th_String/Variance
-3.6 /puretones/PureTones_v1.0/0x00/5th_String/Gain
5.6 /puretones/PureTones_v1.0/0x00/5th_String/Octave_1
7.8 /puretones/PureTones_v1.0/0x00/5th_String/Octave_2
5.6 /puretones/PureTones_v1.0/0x00/5th_String/Octave_3
1.0 /puretones/PureTones_v1.0/0x00/5th_String/Octave_4
0.4 /puretones/PureTones_v1.0/0x00/5th_String/Octave_5
0.2 /puretones/PureTones_v1.0/0x00/5th_String/Octave_6
12.0 /puretones/PureTones_v1.0/0x00/6th_String/Select_Note
0.0 /puretones/PureTones_v1.0/0x00/6th_String/Play_String/Once
1.0 /puretones/PureTones_v1.0/0x00/6th_String/Play_String/Loop
-2.0 /puretones/PureTones_v1.0/0x00/6th_String/Fine_Tune
0.0 /puretones/PureTones_v1.0/0x00/6th_String/Ultrafine_Tune
5.0 /puretones/PureTones_v1.0/0x00/6th_String/Variance
-1.2 /puretones/PureTones_v1.0/0x00/6th_String/Gain
5.6 /puretones/PureTones_v1.0/0x00/6th_String/Octave_1
7.8 /puretones/PureTones_v1.0/0x00/6th_String/Octave_2
5.6 /puretones/PureTones_v1.0/0x00/6th_String/Octave_3
1.0 /puretones/PureTones_v1.0/0x00/6th_String/Octave_4
0.4 /puretones/PureTones_v1.0/0x00/6th_String/Octave_5
0.2 /puretones/PureTones_v1.0/0x00/6th_String/Octave_6